Classes with more than 50 images: ['label_0', 'label_1']
Classes with more than 50 images: ['label_0', 'label_1']
Number of samples after filtering and limiting to 5000 per class: 10000
New class-to-index mapping: {'label_0': 0, 'label_1': 1}
Number of training images: 7000
Number of validation images: 1500
Number of test images: 1500
Epoch 1/20
----------
/isilon/datalake/cialab/scratch/cialab/Hao/miniconda3/envs/ear_video/lib/python3.8/site-packages/torchvision/models/_utils.py:208: UserWarning: The parameter 'pretrained' is deprecated since 0.13 and may be removed in the future, please use 'weights' instead.
  warnings.warn(
/isilon/datalake/cialab/scratch/cialab/Hao/miniconda3/envs/ear_video/lib/python3.8/site-packages/torchvision/models/_utils.py:223: UserWarning: Arguments other than a weight enum or `None` for 'weights' are deprecated since 0.13 and may be removed in the future. The current behavior is equivalent to passing `weights=ResNet34_Weights.IMAGENET1K_V1`. You can also use `weights=ResNet34_Weights.DEFAULT` to get the most up-to-date weights.
  warnings.warn(msg)
train Loss: 0.2470 Acc: 0.8936
val Loss: 0.1779 Acc: 0.9333
Epoch 2/20
----------
train Loss: 0.0754 Acc: 0.9753
val Loss: 0.1451 Acc: 0.9487
Epoch 3/20
----------
train Loss: 0.0292 Acc: 0.9914
val Loss: 0.1558 Acc: 0.9540
Epoch 4/20
----------
train Loss: 0.0153 Acc: 0.9969
val Loss: 0.1743 Acc: 0.9527
Epoch 5/20
----------
train Loss: 0.0119 Acc: 0.9969
val Loss: 0.1796 Acc: 0.9533
Epoch 6/20
----------
train Loss: 0.0193 Acc: 0.9947
val Loss: 0.1928 Acc: 0.9493
Epoch 7/20
----------
train Loss: 0.0137 Acc: 0.9959
val Loss: 0.1906 Acc: 0.9487
Epoch 8/20
----------
train Loss: 0.0266 Acc: 0.9913
val Loss: 0.1972 Acc: 0.9500
Epoch 9/20
----------
train Loss: 0.0160 Acc: 0.9959
val Loss: 0.1756 Acc: 0.9520
Epoch 10/20
----------
train Loss: 0.0113 Acc: 0.9970
val Loss: 0.1980 Acc: 0.9453
Epoch 11/20
----------
train Loss: 0.0096 Acc: 0.9971
val Loss: 0.1973 Acc: 0.9487
Epoch 12/20
----------
train Loss: 0.0094 Acc: 0.9970
val Loss: 0.1795 Acc: 0.9540
Epoch 13/20
----------
train Loss: 0.0080 Acc: 0.9973
val Loss: 0.1780 Acc: 0.9547
Epoch 14/20
----------
train Loss: 0.0070 Acc: 0.9984
val Loss: 0.2102 Acc: 0.9507
Epoch 15/20
----------
train Loss: 0.0046 Acc: 0.9991
val Loss: 0.2122 Acc: 0.9500
Epoch 16/20
----------
train Loss: 0.0120 Acc: 0.9973
val Loss: 0.2243 Acc: 0.9453
Epoch 17/20
----------
train Loss: 0.0094 Acc: 0.9964
val Loss: 0.2220 Acc: 0.9507
Epoch 18/20
----------
train Loss: 0.0140 Acc: 0.9943
val Loss: 0.2170 Acc: 0.9480
Epoch 19/20
----------
train Loss: 0.0180 Acc: 0.9936
val Loss: 0.2162 Acc: 0.9547
Epoch 20/20
----------
train Loss: 0.0098 Acc: 0.9970
val Loss: 0.1811 Acc: 0.9593
Best val Acc: 0.959333
Model weights saved at ./model_weights/resnet34_bs_80_lr_2.5e-05_epoch_20_wd_0.0017_wlf_False.pth
Evaluating on the test set...
Traceback (most recent call last):
  File "main.py", line 98, in <module>
    evaluate_model(trained_model, test_loader, device=device)
  File "/isilon/datalake/cialab/scratch/cialab/Hao/work_record/Project4_ear/codes/eardrum_cam/train_func/train_functions.py", line 145, in evaluate_model
    auc = roc_auc_score(all_labels, all_probs, multi_class='ovr')
  File "/isilon/datalake/cialab/scratch/cialab/Hao/miniconda3/envs/ear_video/lib/python3.8/site-packages/sklearn/utils/_param_validation.py", line 214, in wrapper
    return func(*args, **kwargs)
  File "/isilon/datalake/cialab/scratch/cialab/Hao/miniconda3/envs/ear_video/lib/python3.8/site-packages/sklearn/metrics/_ranking.py", line 627, in roc_auc_score
    return _average_binary_score(
  File "/isilon/datalake/cialab/scratch/cialab/Hao/miniconda3/envs/ear_video/lib/python3.8/site-packages/sklearn/metrics/_base.py", line 75, in _average_binary_score
    return binary_metric(y_true, y_score, sample_weight=sample_weight)
  File "/isilon/datalake/cialab/scratch/cialab/Hao/miniconda3/envs/ear_video/lib/python3.8/site-packages/sklearn/metrics/_ranking.py", line 387, in _binary_roc_auc_score
    fpr, tpr, _ = roc_curve(y_true, y_score, sample_weight=sample_weight)
  File "/isilon/datalake/cialab/scratch/cialab/Hao/miniconda3/envs/ear_video/lib/python3.8/site-packages/sklearn/utils/_param_validation.py", line 187, in wrapper
    return func(*args, **kwargs)
  File "/isilon/datalake/cialab/scratch/cialab/Hao/miniconda3/envs/ear_video/lib/python3.8/site-packages/sklearn/metrics/_ranking.py", line 1095, in roc_curve
    fps, tps, thresholds = _binary_clf_curve(
  File "/isilon/datalake/cialab/scratch/cialab/Hao/miniconda3/envs/ear_video/lib/python3.8/site-packages/sklearn/metrics/_ranking.py", line 808, in _binary_clf_curve
    y_score = column_or_1d(y_score)
  File "/isilon/datalake/cialab/scratch/cialab/Hao/miniconda3/envs/ear_video/lib/python3.8/site-packages/sklearn/utils/validation.py", line 1244, in column_or_1d
    raise ValueError(
ValueError: y should be a 1d array, got an array of shape (1500, 2) instead.
srun: error: cia014: task 0: Exited with exit code 1
